<?xml version="1.0" encoding="UTF-8"?>
<robot generator="Robot 3.2.2 (Python 3.8.5 on win32)" generated="20200908 00:39:50.134" rpa="false">
<suite id="s1" name="Cadastro" source="C:\CodeChallengeQAZeDelivery\2.WebUIautomationtest\cadastro.robot">
<test id="s1-t1" name="Cadastro de novo usuário">
<kw name="Nova sessão" library="base_test" type="setup">
<kw name="Open Browser" library="SeleniumLibrary">
<doc>Opens a new browser instance to the optional ``url``.</doc>
<arguments>
<arg>${url}</arg>
<arg>chrome</arg>
</arguments>
<msg timestamp="20200908 00:39:50.310" level="INFO">Opening browser 'chrome' to base url 'https://www.ze.delivery/'.</msg>
<status status="PASS" starttime="20200908 00:39:50.310" endtime="20200908 00:39:54.785"></status>
</kw>
<status status="PASS" starttime="20200908 00:39:50.309" endtime="20200908 00:39:54.785"></status>
</kw>
<kw name="Set Selenium Implicit Wait" library="SeleniumLibrary">
<doc>Sets the implicit wait value used by Selenium.</doc>
<arguments>
<arg>5</arg>
</arguments>
<status status="PASS" starttime="20200908 00:39:54.786" endtime="20200908 00:39:54.787"></status>
</kw>
<kw name="Click Element" library="SeleniumLibrary">
<doc>Click the element identified by ``locator``.</doc>
<arguments>
<arg>id:age-gate-button-yes</arg>
</arguments>
<msg timestamp="20200908 00:39:54.787" level="INFO">Clicking element 'id:age-gate-button-yes'.</msg>
<status status="PASS" starttime="20200908 00:39:54.787" endtime="20200908 00:39:54.825"></status>
</kw>
<kw name="Click Element" library="SeleniumLibrary">
<doc>Click the element identified by ``locator``.</doc>
<arguments>
<arg>id:welcome-button-sign-in</arg>
</arguments>
<msg timestamp="20200908 00:39:54.826" level="INFO">Clicking element 'id:welcome-button-sign-in'.</msg>
<status status="PASS" starttime="20200908 00:39:54.826" endtime="20200908 00:39:55.178"></status>
</kw>
<kw name="Click Element" library="SeleniumLibrary">
<doc>Click the element identified by ``locator``.</doc>
<arguments>
<arg>id:create-account-link</arg>
</arguments>
<msg timestamp="20200908 00:39:55.178" level="INFO">Clicking element 'id:create-account-link'.</msg>
<status status="PASS" starttime="20200908 00:39:55.178" endtime="20200908 00:39:55.283"></status>
</kw>
<kw name="Input Text" library="SeleniumLibrary">
<doc>Types the given ``text`` into the text field identified by ``locator``.</doc>
<arguments>
<arg>id:signup-form-input-name</arg>
<arg>Wagner Ferreira Cruz</arg>
</arguments>
<msg timestamp="20200908 00:39:55.284" level="INFO">Typing text 'Wagner Ferreira Cruz' into text field 'id:signup-form-input-name'.</msg>
<status status="PASS" starttime="20200908 00:39:55.283" endtime="20200908 00:39:55.488"></status>
</kw>
<kw name="Input Text" library="SeleniumLibrary">
<doc>Types the given ``text`` into the text field identified by ``locator``.</doc>
<arguments>
<arg>id:signup-form-input-email</arg>
<arg>wagner.ferreira@live.com</arg>
</arguments>
<msg timestamp="20200908 00:39:55.488" level="INFO">Typing text 'wagner.ferreira@live.com' into text field 'id:signup-form-input-email'.</msg>
<status status="PASS" starttime="20200908 00:39:55.488" endtime="20200908 00:39:55.669"></status>
</kw>
<kw name="Input Text" library="SeleniumLibrary">
<doc>Types the given ``text`` into the text field identified by ``locator``.</doc>
<arguments>
<arg>id:signup-form-input-password</arg>
<arg>123456</arg>
</arguments>
<msg timestamp="20200908 00:39:55.670" level="INFO">Typing text '123456' into text field 'id:signup-form-input-password'.</msg>
<status status="PASS" starttime="20200908 00:39:55.670" endtime="20200908 00:39:55.752"></status>
</kw>
<kw name="Input Text" library="SeleniumLibrary">
<doc>Types the given ``text`` into the text field identified by ``locator``.</doc>
<arguments>
<arg>id:signup-form-input-document</arg>
<arg>36464281801</arg>
</arguments>
<msg timestamp="20200908 00:39:55.753" level="INFO">Typing text '36464281801' into text field 'id:signup-form-input-document'.</msg>
<status status="PASS" starttime="20200908 00:39:55.753" endtime="20200908 00:39:55.859"></status>
</kw>
<kw name="Input Text" library="SeleniumLibrary">
<doc>Types the given ``text`` into the text field identified by ``locator``.</doc>
<arguments>
<arg>id:signup-form-input-phone</arg>
<arg>11974775458</arg>
</arguments>
<msg timestamp="20200908 00:39:55.860" level="INFO">Typing text '11974775458' into text field 'id:signup-form-input-phone'.</msg>
<status status="PASS" starttime="20200908 00:39:55.860" endtime="20200908 00:39:55.952"></status>
</kw>
<kw name="Input Text" library="SeleniumLibrary">
<doc>Types the given ``text`` into the text field identified by ``locator``.</doc>
<arguments>
<arg>id:signup-form-input-age</arg>
<arg>30</arg>
</arguments>
<msg timestamp="20200908 00:39:55.953" level="INFO">Typing text '30' into text field 'id:signup-form-input-age'.</msg>
<status status="PASS" starttime="20200908 00:39:55.952" endtime="20200908 00:39:56.024"></status>
</kw>
<kw name="Select Checkbox" library="SeleniumLibrary">
<doc>Selects the checkbox identified by ``locator``.</doc>
<arguments>
<arg>${terms}</arg>
</arguments>
<msg timestamp="20200908 00:39:56.025" level="INFO">Selecting checkbox 'id:sign-up-form-input-terms'.</msg>
<status status="PASS" starttime="20200908 00:39:56.025" endtime="20200908 00:39:56.072"></status>
</kw>
<kw name="Select Checkbox" library="SeleniumLibrary">
<doc>Selects the checkbox identified by ``locator``.</doc>
<arguments>
<arg>${marketing}</arg>
</arguments>
<msg timestamp="20200908 00:39:56.073" level="INFO">Selecting checkbox 'id:sign-up-form-input-marketing'.</msg>
<status status="PASS" starttime="20200908 00:39:56.073" endtime="20200908 00:39:56.120"></status>
</kw>
<kw name="Checkbox Should Be Selected" library="SeleniumLibrary">
<doc>Verifies checkbox ``locator`` is selected/checked.</doc>
<arguments>
<arg>${terms}</arg>
</arguments>
<msg timestamp="20200908 00:39:56.120" level="INFO">Verifying checkbox 'id:sign-up-form-input-terms' is selected.</msg>
<status status="PASS" starttime="20200908 00:39:56.120" endtime="20200908 00:39:56.134"></status>
</kw>
<kw name="Checkbox Should Be Selected" library="SeleniumLibrary">
<doc>Verifies checkbox ``locator`` is selected/checked.</doc>
<arguments>
<arg>${marketing}</arg>
</arguments>
<msg timestamp="20200908 00:39:56.135" level="INFO">Verifying checkbox 'id:sign-up-form-input-marketing' is selected.</msg>
<status status="PASS" starttime="20200908 00:39:56.135" endtime="20200908 00:39:56.148"></status>
</kw>
<kw name="Page Should Contain" library="SeleniumLibrary">
<doc>Verifies that current page contains ``text``.</doc>
<arguments>
<arg>Sua senha está muito pequena</arg>
</arguments>
<msg timestamp="20200908 00:39:56.158" level="INFO">Current page contains text 'Sua senha está muito pequena'.</msg>
<status status="PASS" starttime="20200908 00:39:56.148" endtime="20200908 00:39:56.158"></status>
</kw>
<kw name="Input Text" library="SeleniumLibrary">
<doc>Types the given ``text`` into the text field identified by ``locator``.</doc>
<arguments>
<arg>id:signup-form-input-password</arg>
<arg>Wag123456</arg>
</arguments>
<msg timestamp="20200908 00:39:56.159" level="INFO">Typing text 'Wag123456' into text field 'id:signup-form-input-password'.</msg>
<status status="PASS" starttime="20200908 00:39:56.159" endtime="20200908 00:39:56.238"></status>
</kw>
<kw name="Click Element" library="SeleniumLibrary">
<doc>Click the element identified by ``locator``.</doc>
<arguments>
<arg>id:signup-email-link-info</arg>
</arguments>
<msg timestamp="20200908 00:39:56.239" level="INFO">Clicking element 'id:signup-email-link-info'.</msg>
<status status="PASS" starttime="20200908 00:39:56.239" endtime="20200908 00:39:56.275"></status>
</kw>
<kw name="Wait Until Element Is Visible" library="SeleniumLibrary">
<doc>Waits until the element ``locator`` is visible.</doc>
<arguments>
<arg>id:signup-email-modal-info</arg>
</arguments>
<status status="PASS" starttime="20200908 00:39:56.275" endtime="20200908 00:39:56.296"></status>
</kw>
<kw name="Wait Until Element Is Visible" library="SeleniumLibrary">
<doc>Waits until the element ``locator`` is visible.</doc>
<arguments>
<arg>${Entendi}</arg>
</arguments>
<status status="PASS" starttime="20200908 00:39:56.297" endtime="20200908 00:39:56.314"></status>
</kw>
<kw name="Sleep" library="BuiltIn">
<doc>Pauses the test executed for the given time.</doc>
<arguments>
<arg>1</arg>
</arguments>
<msg timestamp="20200908 00:39:57.315" level="INFO">Slept 1 second</msg>
<status status="PASS" starttime="20200908 00:39:56.314" endtime="20200908 00:39:57.315"></status>
</kw>
<kw name="Click Element" library="SeleniumLibrary">
<doc>Click the element identified by ``locator``.</doc>
<arguments>
<arg>${Entendi}</arg>
</arguments>
<msg timestamp="20200908 00:39:57.316" level="INFO">Clicking element 'xpath://button[contains(text(), 'Entendi')]'.</msg>
<status status="PASS" starttime="20200908 00:39:57.316" endtime="20200908 00:39:57.342"></status>
</kw>
<kw name="Click Element" library="SeleniumLibrary">
<doc>Click the element identified by ``locator``.</doc>
<arguments>
<arg>id:signup-form-button-signup</arg>
</arguments>
<msg timestamp="20200908 00:39:57.343" level="INFO">Clicking element 'id:signup-form-button-signup'.</msg>
<status status="PASS" starttime="20200908 00:39:57.343" endtime="20200908 00:39:57.702"></status>
</kw>
<kw name="Encerra sessão" library="base_test" type="teardown">
<kw name="Close Browser" library="SeleniumLibrary">
<doc>Closes the current browser.</doc>
<status status="PASS" starttime="20200908 00:39:57.703" endtime="20200908 00:39:59.773"></status>
</kw>
<status status="PASS" starttime="20200908 00:39:57.702" endtime="20200908 00:39:59.773"></status>
</kw>
<status status="PASS" starttime="20200908 00:39:50.309" endtime="20200908 00:39:59.773" critical="yes"></status>
</test>
<status status="PASS" starttime="20200908 00:39:50.135" endtime="20200908 00:39:59.774"></status>
</suite>
<statistics>
<total>
<stat pass="1" fail="0">Critical Tests</stat>
<stat pass="1" fail="0">All Tests</stat>
</total>
<tag>
</tag>
<suite>
<stat pass="1" fail="0" id="s1" name="Cadastro">Cadastro</stat>
</suite>
</statistics>
<errors>
</errors>
</robot>
