<?xml version="1.0" encoding="UTF-8"?>
<robot generator="Robot 3.2.2 (Python 3.8.5 on win32)" generated="20200914 17:38:46.437" rpa="false">
<suite id="s1" name="Buscacurso" source="C:\QAChallengeEstrategia\WebUIautomationtest\tests\buscacurso.robot">
<test id="s1-t1" name="Utilizar a busca &quot;Por Professor&quot;">
<kw name="Nova sessão" library="base_test" type="setup">
<kw name="Open Browser" library="SeleniumLibrary">
<doc>Opens a new browser instance to the optional ``url``.</doc>
<arguments>
<arg>${url}</arg>
<arg>chrome</arg>
</arguments>
<msg timestamp="20200914 17:38:46.665" level="INFO">Opening browser 'chrome' to base url 'https://www.estrategiaconcursos.com.br/'.</msg>
<status status="PASS" starttime="20200914 17:38:46.665" endtime="20200914 17:38:52.083"></status>
</kw>
<kw name="Wait Until Element Is Visible" library="SeleniumLibrary">
<doc>Waits until the element ``locator`` is visible.</doc>
<arguments>
<arg>onesignal-slidedown-allow-button</arg>
</arguments>
<status status="PASS" starttime="20200914 17:38:52.083" endtime="20200914 17:38:54.243"></status>
</kw>
<kw name="Wait Until Page Contains Element" library="SeleniumLibrary">
<doc>Waits until the element ``locator`` appears on the current page.</doc>
<arguments>
<arg>onesignal-slidedown-allow-button</arg>
</arguments>
<status status="PASS" starttime="20200914 17:38:54.243" endtime="20200914 17:38:54.259"></status>
</kw>
<kw name="Click Element" library="SeleniumLibrary">
<doc>Click the element identified by ``locator``.</doc>
<arguments>
<arg>onesignal-slidedown-allow-button</arg>
</arguments>
<msg timestamp="20200914 17:38:54.259" level="INFO">Clicking element 'onesignal-slidedown-allow-button'.</msg>
<status status="PASS" starttime="20200914 17:38:54.259" endtime="20200914 17:38:54.349"></status>
</kw>
<status status="PASS" starttime="20200914 17:38:46.665" endtime="20200914 17:38:54.349"></status>
</kw>
<kw name="Wait Until Element Is Visible" library="SeleniumLibrary">
<doc>Waits until the element ``locator`` is visible.</doc>
<arguments>
<arg>${buscaprofessor}</arg>
</arguments>
<status status="PASS" starttime="20200914 17:38:54.350" endtime="20200914 17:38:54.404"></status>
</kw>
<kw name="Click Element" library="SeleniumLibrary">
<doc>Click the element identified by ``locator``.</doc>
<arguments>
<arg>${buscaprofessor}</arg>
</arguments>
<msg timestamp="20200914 17:38:54.405" level="INFO">Clicking element 'xpath://*[contains(text(),"Por professor")]'.</msg>
<status status="PASS" starttime="20200914 17:38:54.404" endtime="20200914 17:38:55.319"></status>
</kw>
<kw name="Encerra sessão" library="base_test" type="teardown">
<kw name="Capture Page Screenshot" library="SeleniumLibrary">
<doc>Takes a screenshot of the current page and embeds it into a log file.</doc>
<msg timestamp="20200914 17:38:55.890" level="INFO" html="yes">&lt;/td&gt;&lt;/tr&gt;&lt;tr&gt;&lt;td colspan="3"&gt;&lt;a href="selenium-screenshot-1.png"&gt;&lt;img src="selenium-screenshot-1.png" width="800px"&gt;&lt;/a&gt;</msg>
<status status="PASS" starttime="20200914 17:38:55.321" endtime="20200914 17:38:55.890"></status>
</kw>
<kw name="Close Browser" library="SeleniumLibrary">
<doc>Closes the current browser.</doc>
<status status="PASS" starttime="20200914 17:38:55.890" endtime="20200914 17:38:57.994"></status>
</kw>
<status status="PASS" starttime="20200914 17:38:55.320" endtime="20200914 17:38:57.994"></status>
</kw>
<status status="PASS" starttime="20200914 17:38:46.664" endtime="20200914 17:38:57.995" critical="yes"></status>
</test>
<test id="s1-t2" name="Acessar os cursos da professora &quot;Ena Loiola&quot;">
<kw name="Nova sessão" library="base_test" type="setup">
<kw name="Open Browser" library="SeleniumLibrary">
<doc>Opens a new browser instance to the optional ``url``.</doc>
<arguments>
<arg>${url}</arg>
<arg>chrome</arg>
</arguments>
<msg timestamp="20200914 17:38:57.997" level="INFO">Opening browser 'chrome' to base url 'https://www.estrategiaconcursos.com.br/'.</msg>
<status status="PASS" starttime="20200914 17:38:57.997" endtime="20200914 17:39:03.035"></status>
</kw>
<kw name="Wait Until Element Is Visible" library="SeleniumLibrary">
<doc>Waits until the element ``locator`` is visible.</doc>
<arguments>
<arg>onesignal-slidedown-allow-button</arg>
</arguments>
<status status="PASS" starttime="20200914 17:39:03.035" endtime="20200914 17:39:03.820"></status>
</kw>
<kw name="Wait Until Page Contains Element" library="SeleniumLibrary">
<doc>Waits until the element ``locator`` appears on the current page.</doc>
<arguments>
<arg>onesignal-slidedown-allow-button</arg>
</arguments>
<status status="PASS" starttime="20200914 17:39:03.820" endtime="20200914 17:39:03.827"></status>
</kw>
<kw name="Click Element" library="SeleniumLibrary">
<doc>Click the element identified by ``locator``.</doc>
<arguments>
<arg>onesignal-slidedown-allow-button</arg>
</arguments>
<msg timestamp="20200914 17:39:03.827" level="INFO">Clicking element 'onesignal-slidedown-allow-button'.</msg>
<status status="PASS" starttime="20200914 17:39:03.827" endtime="20200914 17:39:03.894"></status>
</kw>
<status status="PASS" starttime="20200914 17:38:57.996" endtime="20200914 17:39:03.894"></status>
</kw>
<kw name="Wait Until Element Is Visible" library="SeleniumLibrary">
<doc>Waits until the element ``locator`` is visible.</doc>
<arguments>
<arg>${buscaprofessor}</arg>
</arguments>
<status status="PASS" starttime="20200914 17:39:03.895" endtime="20200914 17:39:03.931"></status>
</kw>
<kw name="Click Element" library="SeleniumLibrary">
<doc>Click the element identified by ``locator``.</doc>
<arguments>
<arg>${buscaprofessor}</arg>
</arguments>
<msg timestamp="20200914 17:39:03.932" level="INFO">Clicking element 'xpath://*[contains(text(),"Por professor")]'.</msg>
<status status="PASS" starttime="20200914 17:39:03.932" endtime="20200914 17:39:04.669"></status>
</kw>
<kw name="Wait Until Element Is Visible" library="SeleniumLibrary">
<doc>Waits until the element ``locator`` is visible.</doc>
<arguments>
<arg>${profena}</arg>
</arguments>
<status status="PASS" starttime="20200914 17:39:04.670" endtime="20200914 17:39:07.715"></status>
</kw>
<kw name="Click Element" library="SeleniumLibrary">
<doc>Click the element identified by ``locator``.</doc>
<arguments>
<arg>${profena}</arg>
</arguments>
<msg timestamp="20200914 17:39:07.716" level="INFO">Clicking element 'xpath://*[contains(text(),"Ena Loiola")]'.</msg>
<status status="PASS" starttime="20200914 17:39:07.716" endtime="20200914 17:39:09.064"></status>
</kw>
<kw name="Encerra sessão" library="base_test" type="teardown">
<kw name="Capture Page Screenshot" library="SeleniumLibrary">
<doc>Takes a screenshot of the current page and embeds it into a log file.</doc>
<msg timestamp="20200914 17:39:09.615" level="INFO" html="yes">&lt;/td&gt;&lt;/tr&gt;&lt;tr&gt;&lt;td colspan="3"&gt;&lt;a href="selenium-screenshot-2.png"&gt;&lt;img src="selenium-screenshot-2.png" width="800px"&gt;&lt;/a&gt;</msg>
<status status="PASS" starttime="20200914 17:39:09.068" endtime="20200914 17:39:09.615"></status>
</kw>
<kw name="Close Browser" library="SeleniumLibrary">
<doc>Closes the current browser.</doc>
<status status="PASS" starttime="20200914 17:39:09.615" endtime="20200914 17:39:11.838"></status>
</kw>
<status status="PASS" starttime="20200914 17:39:09.067" endtime="20200914 17:39:11.839"></status>
</kw>
<status status="PASS" starttime="20200914 17:38:57.996" endtime="20200914 17:39:11.839" critical="yes"></status>
</test>
<test id="s1-t3" name="Validação do valor do curso da listagem de cursos bate com o valor da página de detalhes">
<kw name="Nova sessão" library="base_test" type="setup">
<kw name="Open Browser" library="SeleniumLibrary">
<doc>Opens a new browser instance to the optional ``url``.</doc>
<arguments>
<arg>${url}</arg>
<arg>chrome</arg>
</arguments>
<msg timestamp="20200914 17:39:11.841" level="INFO">Opening browser 'chrome' to base url 'https://www.estrategiaconcursos.com.br/'.</msg>
<status status="PASS" starttime="20200914 17:39:11.841" endtime="20200914 17:39:17.098"></status>
</kw>
<kw name="Wait Until Element Is Visible" library="SeleniumLibrary">
<doc>Waits until the element ``locator`` is visible.</doc>
<arguments>
<arg>onesignal-slidedown-allow-button</arg>
</arguments>
<status status="PASS" starttime="20200914 17:39:17.098" endtime="20200914 17:39:17.702"></status>
</kw>
<kw name="Wait Until Page Contains Element" library="SeleniumLibrary">
<doc>Waits until the element ``locator`` appears on the current page.</doc>
<arguments>
<arg>onesignal-slidedown-allow-button</arg>
</arguments>
<status status="PASS" starttime="20200914 17:39:17.702" endtime="20200914 17:39:17.713"></status>
</kw>
<kw name="Click Element" library="SeleniumLibrary">
<doc>Click the element identified by ``locator``.</doc>
<arguments>
<arg>onesignal-slidedown-allow-button</arg>
</arguments>
<msg timestamp="20200914 17:39:17.714" level="INFO">Clicking element 'onesignal-slidedown-allow-button'.</msg>
<status status="PASS" starttime="20200914 17:39:17.713" endtime="20200914 17:39:17.828"></status>
</kw>
<status status="PASS" starttime="20200914 17:39:11.841" endtime="20200914 17:39:17.829"></status>
</kw>
<kw name="Wait Until Element Is Visible" library="SeleniumLibrary">
<doc>Waits until the element ``locator`` is visible.</doc>
<arguments>
<arg>${buscaprofessor}</arg>
</arguments>
<status status="PASS" starttime="20200914 17:39:17.831" endtime="20200914 17:39:17.860"></status>
</kw>
<kw name="Click Element" library="SeleniumLibrary">
<doc>Click the element identified by ``locator``.</doc>
<arguments>
<arg>${buscaprofessor}</arg>
</arguments>
<msg timestamp="20200914 17:39:17.861" level="INFO">Clicking element 'xpath://*[contains(text(),"Por professor")]'.</msg>
<status status="PASS" starttime="20200914 17:39:17.860" endtime="20200914 17:39:18.119"></status>
</kw>
<kw name="Wait Until Element Is Visible" library="SeleniumLibrary">
<doc>Waits until the element ``locator`` is visible.</doc>
<arguments>
<arg>${profena}</arg>
</arguments>
<status status="PASS" starttime="20200914 17:39:18.120" endtime="20200914 17:39:21.835"></status>
</kw>
<kw name="Click Element" library="SeleniumLibrary">
<doc>Click the element identified by ``locator``.</doc>
<arguments>
<arg>${profena}</arg>
</arguments>
<msg timestamp="20200914 17:39:21.835" level="INFO">Clicking element 'xpath://*[contains(text(),"Ena Loiola")]'.</msg>
<status status="PASS" starttime="20200914 17:39:21.835" endtime="20200914 17:39:23.558"></status>
</kw>
<kw name="Wait Until Element Is Visible" library="SeleniumLibrary">
<doc>Waits until the element ``locator`` is visible.</doc>
<arguments>
<arg>${Assinatura2anos}</arg>
</arguments>
<status status="PASS" starttime="20200914 17:39:23.559" endtime="20200914 17:39:23.999"></status>
</kw>
<kw name="Click Element" library="SeleniumLibrary">
<doc>Click the element identified by ``locator``.</doc>
<arguments>
<arg>${Assinatura2anos}</arg>
</arguments>
<msg timestamp="20200914 17:39:24.000" level="INFO">Clicking element 'xpath://*[contains(text(),"Básica 2 Anos")]'.</msg>
<status status="PASS" starttime="20200914 17:39:24.000" endtime="20200914 17:39:24.276"></status>
</kw>
<kw name="Element Should Be Visible" library="SeleniumLibrary">
<doc>Verifies that the element identified by ``locator`` is visible.</doc>
<arguments>
<arg>${valortotal}</arg>
</arguments>
<msg timestamp="20200914 17:39:24.422" level="INFO">Element 'xpath://*[contains(text(),"R$ 1.678,80")]' is displayed.</msg>
<status status="PASS" starttime="20200914 17:39:24.277" endtime="20200914 17:39:24.422"></status>
</kw>
<kw name="Encerra sessão" library="base_test" type="teardown">
<kw name="Capture Page Screenshot" library="SeleniumLibrary">
<doc>Takes a screenshot of the current page and embeds it into a log file.</doc>
<msg timestamp="20200914 17:39:25.213" level="INFO" html="yes">&lt;/td&gt;&lt;/tr&gt;&lt;tr&gt;&lt;td colspan="3"&gt;&lt;a href="selenium-screenshot-3.png"&gt;&lt;img src="selenium-screenshot-3.png" width="800px"&gt;&lt;/a&gt;</msg>
<status status="PASS" starttime="20200914 17:39:24.425" endtime="20200914 17:39:25.213"></status>
</kw>
<kw name="Close Browser" library="SeleniumLibrary">
<doc>Closes the current browser.</doc>
<status status="PASS" starttime="20200914 17:39:25.213" endtime="20200914 17:39:27.323"></status>
</kw>
<status status="PASS" starttime="20200914 17:39:24.424" endtime="20200914 17:39:27.323"></status>
</kw>
<status status="PASS" starttime="20200914 17:39:11.840" endtime="20200914 17:39:27.324" critical="yes"></status>
</test>
<test id="s1-t4" name="Validação do valor parcelado do curso bate com o valor total do curso">
<kw name="Nova sessão" library="base_test" type="setup">
<kw name="Open Browser" library="SeleniumLibrary">
<doc>Opens a new browser instance to the optional ``url``.</doc>
<arguments>
<arg>${url}</arg>
<arg>chrome</arg>
</arguments>
<msg timestamp="20200914 17:39:27.327" level="INFO">Opening browser 'chrome' to base url 'https://www.estrategiaconcursos.com.br/'.</msg>
<status status="PASS" starttime="20200914 17:39:27.327" endtime="20200914 17:39:31.742"></status>
</kw>
<kw name="Wait Until Element Is Visible" library="SeleniumLibrary">
<doc>Waits until the element ``locator`` is visible.</doc>
<arguments>
<arg>onesignal-slidedown-allow-button</arg>
</arguments>
<status status="PASS" starttime="20200914 17:39:31.743" endtime="20200914 17:39:32.894"></status>
</kw>
<kw name="Wait Until Page Contains Element" library="SeleniumLibrary">
<doc>Waits until the element ``locator`` appears on the current page.</doc>
<arguments>
<arg>onesignal-slidedown-allow-button</arg>
</arguments>
<status status="PASS" starttime="20200914 17:39:32.894" endtime="20200914 17:39:32.909"></status>
</kw>
<kw name="Click Element" library="SeleniumLibrary">
<doc>Click the element identified by ``locator``.</doc>
<arguments>
<arg>onesignal-slidedown-allow-button</arg>
</arguments>
<msg timestamp="20200914 17:39:32.909" level="INFO">Clicking element 'onesignal-slidedown-allow-button'.</msg>
<status status="PASS" starttime="20200914 17:39:32.909" endtime="20200914 17:39:33.175"></status>
</kw>
<status status="PASS" starttime="20200914 17:39:27.326" endtime="20200914 17:39:33.175"></status>
</kw>
<kw name="Wait Until Element Is Visible" library="SeleniumLibrary">
<doc>Waits until the element ``locator`` is visible.</doc>
<arguments>
<arg>${buscaprofessor}</arg>
</arguments>
<status status="PASS" starttime="20200914 17:39:33.175" endtime="20200914 17:39:33.195"></status>
</kw>
<kw name="Click Element" library="SeleniumLibrary">
<doc>Click the element identified by ``locator``.</doc>
<arguments>
<arg>${buscaprofessor}</arg>
</arguments>
<msg timestamp="20200914 17:39:33.196" level="INFO">Clicking element 'xpath://*[contains(text(),"Por professor")]'.</msg>
<status status="PASS" starttime="20200914 17:39:33.195" endtime="20200914 17:39:33.431"></status>
</kw>
<kw name="Wait Until Element Is Visible" library="SeleniumLibrary">
<doc>Waits until the element ``locator`` is visible.</doc>
<arguments>
<arg>${profena}</arg>
</arguments>
<status status="PASS" starttime="20200914 17:39:33.432" endtime="20200914 17:39:37.130"></status>
</kw>
<kw name="Click Element" library="SeleniumLibrary">
<doc>Click the element identified by ``locator``.</doc>
<arguments>
<arg>${profena}</arg>
</arguments>
<msg timestamp="20200914 17:39:37.131" level="INFO">Clicking element 'xpath://*[contains(text(),"Ena Loiola")]'.</msg>
<status status="PASS" starttime="20200914 17:39:37.130" endtime="20200914 17:39:38.730"></status>
</kw>
<kw name="Wait Until Element Is Visible" library="SeleniumLibrary">
<doc>Waits until the element ``locator`` is visible.</doc>
<arguments>
<arg>${Assinatura2anos}</arg>
</arguments>
<status status="PASS" starttime="20200914 17:39:38.730" endtime="20200914 17:39:38.827"></status>
</kw>
<kw name="Click Element" library="SeleniumLibrary">
<doc>Click the element identified by ``locator``.</doc>
<arguments>
<arg>${Assinatura2anos}</arg>
</arguments>
<msg timestamp="20200914 17:39:38.828" level="INFO">Clicking element 'xpath://*[contains(text(),"Básica 2 Anos")]'.</msg>
<status status="PASS" starttime="20200914 17:39:38.828" endtime="20200914 17:39:40.519"></status>
</kw>
<kw name="Element Should Be Visible" library="SeleniumLibrary">
<doc>Verifies that the element identified by ``locator`` is visible.</doc>
<arguments>
<arg>${valorparcelado}</arg>
</arguments>
<msg timestamp="20200914 17:39:40.575" level="INFO">Element 'xpath://*[contains(text(),"12x de R$ 139,90")]' is displayed.</msg>
<status status="PASS" starttime="20200914 17:39:40.520" endtime="20200914 17:39:40.575"></status>
</kw>
<kw name="Encerra sessão" library="base_test" type="teardown">
<kw name="Capture Page Screenshot" library="SeleniumLibrary">
<doc>Takes a screenshot of the current page and embeds it into a log file.</doc>
<msg timestamp="20200914 17:39:41.035" level="INFO" html="yes">&lt;/td&gt;&lt;/tr&gt;&lt;tr&gt;&lt;td colspan="3"&gt;&lt;a href="selenium-screenshot-4.png"&gt;&lt;img src="selenium-screenshot-4.png" width="800px"&gt;&lt;/a&gt;</msg>
<status status="PASS" starttime="20200914 17:39:40.577" endtime="20200914 17:39:41.035"></status>
</kw>
<kw name="Close Browser" library="SeleniumLibrary">
<doc>Closes the current browser.</doc>
<status status="PASS" starttime="20200914 17:39:41.035" endtime="20200914 17:39:43.195"></status>
</kw>
<status status="PASS" starttime="20200914 17:39:40.576" endtime="20200914 17:39:43.195"></status>
</kw>
<status status="PASS" starttime="20200914 17:39:27.325" endtime="20200914 17:39:43.196" critical="yes"></status>
</test>
<status status="PASS" starttime="20200914 17:38:46.438" endtime="20200914 17:39:43.197"></status>
</suite>
<statistics>
<total>
<stat pass="4" fail="0">Critical Tests</stat>
<stat pass="4" fail="0">All Tests</stat>
</total>
<tag>
</tag>
<suite>
<stat pass="4" fail="0" id="s1" name="Buscacurso">Buscacurso</stat>
</suite>
</statistics>
<errors>
</errors>
</robot>
